2025-03-05 15:32:30 INFO main - Server is running in TLS permissive mode
2025-03-05 15:32:30 INFO main - Tls config file doesn't exist, skip it
2025-03-05 15:32:30 INFO main - Log the final used tls related configuration
2025-03-05 15:32:30 INFO main - tls.test.mode.enable = true
2025-03-05 15:32:30 INFO main - tls.server.need.client.auth = none
2025-03-05 15:32:30 INFO main - tls.server.keyPath = null
2025-03-05 15:32:30 INFO main - tls.server.keyPassword = null
2025-03-05 15:32:30 INFO main - tls.server.certPath = null
2025-03-05 15:32:30 INFO main - tls.server.authClient = false
2025-03-05 15:32:30 INFO main - tls.server.trustCertPath = null
2025-03-05 15:32:30 INFO main - tls.client.keyPath = null
2025-03-05 15:32:30 INFO main - tls.client.keyPassword = null
2025-03-05 15:32:30 INFO main - tls.client.certPath = null
2025-03-05 15:32:30 INFO main - tls.client.authServer = false
2025-03-05 15:32:30 INFO main - tls.client.trustCertPath = null
2025-03-05 15:32:30 INFO main - Using OpenSSL provider
2025-03-05 15:32:30 INFO main - SSLContext created for server
2025-03-05 15:32:30 INFO main - Server is running in TLS permissive mode
2025-03-05 15:32:30 INFO main - Tls config file doesn't exist, skip it
2025-03-05 15:32:30 INFO main - Log the final used tls related configuration
2025-03-05 15:32:30 INFO main - tls.test.mode.enable = true
2025-03-05 15:32:30 INFO main - tls.server.need.client.auth = none
2025-03-05 15:32:30 INFO main - tls.server.keyPath = null
2025-03-05 15:32:30 INFO main - tls.server.keyPassword = null
2025-03-05 15:32:30 INFO main - tls.server.certPath = null
2025-03-05 15:32:30 INFO main - tls.server.authClient = false
2025-03-05 15:32:30 INFO main - tls.server.trustCertPath = null
2025-03-05 15:32:30 INFO main - tls.client.keyPath = null
2025-03-05 15:32:30 INFO main - tls.client.keyPassword = null
2025-03-05 15:32:30 INFO main - tls.client.certPath = null
2025-03-05 15:32:30 INFO main - tls.client.authServer = false
2025-03-05 15:32:30 INFO main - tls.client.trustCertPath = null
2025-03-05 15:32:30 INFO main - Using OpenSSL provider
2025-03-05 15:32:30 INFO main - SSLContext created for server
2025-03-05 15:32:30 INFO main - name server address updated. NEW : [rmqnamesrv:9876] , OLD: null
2025-03-05 15:32:30 INFO NettyEventExecutor - NettyEventExecutor service started
2025-03-05 15:32:30 INFO NettyEventExecutor - NettyEventExecutor service started
2025-03-05 15:32:31 INFO brokerOutApi_thread_1 - createChannel: begin to connect remote host[rmqnamesrv:9876] asynchronously
2025-03-05 15:32:31 INFO NettyClientWorkerThread_1 - NETTY CLIENT PIPELINE: CONNECT  UNKNOWN => mqnamesrv/172.21.0.2:9876
2025-03-05 15:32:31 INFO brokerOutApi_thread_1 - createChannel: connect remote host[rmqnamesrv:9876] success, DefaultChannelPromise@161981e1(success)
