2025-03-05 15:32:31 INFO TransactionalMessageCheckService - Start transaction check service thread!
2025-03-05 15:33:29 INFO TransactionalMessageCheckService - Begin to check prepare message, begin time:1741160009471
2025-03-05 15:33:29 INFO TransactionalMessageCheckService - Before check, the queue=MessageQueue [topic=RMQ_SYS_TRANS_HALF_TOPIC, brokerName=broker-a, queueId=0] msgOffset=0 opOffset=0
2025-03-05 15:33:29 WARN TransactionalMessageCheckService - No new message. GetMessageStatus=NO_MESSAGE_IN_QUEUE, topic=RMQ_SYS_TRANS_OP_HALF_TOPIC, groupId=CID_RMQ_SYS_TRANS, requestOffset=0
2025-03-05 15:33:29 WARN TransactionalMessageCheckService - The miss op offset=0 in queue=MessageQueue [topic=RMQ_SYS_TRANS_OP_HALF_TOPIC, brokerName=broker-a, queueId=0] is NO_NEW_MSG, pullResult=PullResult [pullStatus=NO_NEW_MSG, nextBeginOffset=0, minOffset=0, maxOffset=0, msgFoundList=0]
2025-03-05 15:33:29 WARN TransactionalMessageCheckService - No new message. GetMessageStatus=NO_MESSAGE_IN_QUEUE, topic=RMQ_SYS_TRANS_HALF_TOPIC, groupId=CID_RMQ_SYS_TRANS, requestOffset=0
2025-03-05 15:33:29 INFO TransactionalMessageCheckService - End to check prepare message, consumed time:25
2025-03-05 15:34:27 INFO TransactionalMessageCheckService - Begin to check prepare message, begin time:1741160067990
2025-03-05 15:34:27 INFO TransactionalMessageCheckService - Before check, the queue=MessageQueue [topic=RMQ_SYS_TRANS_HALF_TOPIC, brokerName=broker-a, queueId=0] msgOffset=0 opOffset=0
2025-03-05 15:34:27 WARN TransactionalMessageCheckService - No new message. GetMessageStatus=NO_MESSAGE_IN_QUEUE, topic=RMQ_SYS_TRANS_OP_HALF_TOPIC, groupId=CID_RMQ_SYS_TRANS, requestOffset=0
2025-03-05 15:34:27 WARN TransactionalMessageCheckService - The miss op offset=0 in queue=MessageQueue [topic=RMQ_SYS_TRANS_OP_HALF_TOPIC, brokerName=broker-a, queueId=0] is NO_NEW_MSG, pullResult=PullResult [pullStatus=NO_NEW_MSG, nextBeginOffset=0, minOffset=0, maxOffset=0, msgFoundList=0]
2025-03-05 15:34:27 WARN TransactionalMessageCheckService - No new message. GetMessageStatus=NO_MESSAGE_IN_QUEUE, topic=RMQ_SYS_TRANS_HALF_TOPIC, groupId=CID_RMQ_SYS_TRANS, requestOffset=0
2025-03-05 15:34:27 INFO TransactionalMessageCheckService - End to check prepare message, consumed time:1
2025-03-05 15:35:26 INFO TransactionalMessageCheckService - Begin to check prepare message, begin time:1741160126472
2025-03-05 15:35:26 INFO TransactionalMessageCheckService - Before check, the queue=MessageQueue [topic=RMQ_SYS_TRANS_HALF_TOPIC, brokerName=broker-a, queueId=0] msgOffset=0 opOffset=0
2025-03-05 15:35:26 WARN TransactionalMessageCheckService - No new message. GetMessageStatus=NO_MESSAGE_IN_QUEUE, topic=RMQ_SYS_TRANS_OP_HALF_TOPIC, groupId=CID_RMQ_SYS_TRANS, requestOffset=0
2025-03-05 15:35:26 WARN TransactionalMessageCheckService - The miss op offset=0 in queue=MessageQueue [topic=RMQ_SYS_TRANS_OP_HALF_TOPIC, brokerName=broker-a, queueId=0] is NO_NEW_MSG, pullResult=PullResult [pullStatus=NO_NEW_MSG, nextBeginOffset=0, minOffset=0, maxOffset=0, msgFoundList=0]
2025-03-05 15:35:26 WARN TransactionalMessageCheckService - No new message. GetMessageStatus=NO_MESSAGE_IN_QUEUE, topic=RMQ_SYS_TRANS_HALF_TOPIC, groupId=CID_RMQ_SYS_TRANS, requestOffset=0
2025-03-05 15:35:26 INFO TransactionalMessageCheckService - End to check prepare message, consumed time:0
2025-03-05 15:36:24 INFO TransactionalMessageCheckService - Begin to check prepare message, begin time:1741160184928
2025-03-05 15:36:24 INFO TransactionalMessageCheckService - Before check, the queue=MessageQueue [topic=RMQ_SYS_TRANS_HALF_TOPIC, brokerName=broker-a, queueId=0] msgOffset=0 opOffset=0
2025-03-05 15:36:24 WARN TransactionalMessageCheckService - No new message. GetMessageStatus=NO_MESSAGE_IN_QUEUE, topic=RMQ_SYS_TRANS_OP_HALF_TOPIC, groupId=CID_RMQ_SYS_TRANS, requestOffset=0
2025-03-05 15:36:24 WARN TransactionalMessageCheckService - The miss op offset=0 in queue=MessageQueue [topic=RMQ_SYS_TRANS_OP_HALF_TOPIC, brokerName=broker-a, queueId=0] is NO_NEW_MSG, pullResult=PullResult [pullStatus=NO_NEW_MSG, nextBeginOffset=0, minOffset=0, maxOffset=0, msgFoundList=0]
2025-03-05 15:36:24 WARN TransactionalMessageCheckService - No new message. GetMessageStatus=NO_MESSAGE_IN_QUEUE, topic=RMQ_SYS_TRANS_HALF_TOPIC, groupId=CID_RMQ_SYS_TRANS, requestOffset=0
2025-03-05 15:36:24 INFO TransactionalMessageCheckService - End to check prepare message, consumed time:0
2025-03-05 15:37:23 INFO TransactionalMessageCheckService - Begin to check prepare message, begin time:1741160243405
2025-03-05 15:37:23 INFO TransactionalMessageCheckService - Before check, the queue=MessageQueue [topic=RMQ_SYS_TRANS_HALF_TOPIC, brokerName=broker-a, queueId=0] msgOffset=0 opOffset=0
2025-03-05 15:37:23 WARN TransactionalMessageCheckService - No new message. GetMessageStatus=NO_MESSAGE_IN_QUEUE, topic=RMQ_SYS_TRANS_OP_HALF_TOPIC, groupId=CID_RMQ_SYS_TRANS, requestOffset=0
2025-03-05 15:37:23 WARN TransactionalMessageCheckService - The miss op offset=0 in queue=MessageQueue [topic=RMQ_SYS_TRANS_OP_HALF_TOPIC, brokerName=broker-a, queueId=0] is NO_NEW_MSG, pullResult=PullResult [pullStatus=NO_NEW_MSG, nextBeginOffset=0, minOffset=0, maxOffset=0, msgFoundList=0]
2025-03-05 15:37:23 WARN TransactionalMessageCheckService - No new message. GetMessageStatus=NO_MESSAGE_IN_QUEUE, topic=RMQ_SYS_TRANS_HALF_TOPIC, groupId=CID_RMQ_SYS_TRANS, requestOffset=0
2025-03-05 15:37:23 INFO TransactionalMessageCheckService - End to check prepare message, consumed time:1
2025-03-05 15:38:21 INFO TransactionalMessageCheckService - Begin to check prepare message, begin time:1741160301857
2025-03-05 15:38:21 INFO TransactionalMessageCheckService - Before check, the queue=MessageQueue [topic=RMQ_SYS_TRANS_HALF_TOPIC, brokerName=broker-a, queueId=0] msgOffset=0 opOffset=0
2025-03-05 15:38:21 WARN TransactionalMessageCheckService - No new message. GetMessageStatus=NO_MESSAGE_IN_QUEUE, topic=RMQ_SYS_TRANS_OP_HALF_TOPIC, groupId=CID_RMQ_SYS_TRANS, requestOffset=0
2025-03-05 15:38:21 WARN TransactionalMessageCheckService - The miss op offset=0 in queue=MessageQueue [topic=RMQ_SYS_TRANS_OP_HALF_TOPIC, brokerName=broker-a, queueId=0] is NO_NEW_MSG, pullResult=PullResult [pullStatus=NO_NEW_MSG, nextBeginOffset=0, minOffset=0, maxOffset=0, msgFoundList=0]
2025-03-05 15:38:21 WARN TransactionalMessageCheckService - No new message. GetMessageStatus=NO_MESSAGE_IN_QUEUE, topic=RMQ_SYS_TRANS_HALF_TOPIC, groupId=CID_RMQ_SYS_TRANS, requestOffset=0
2025-03-05 15:38:21 INFO TransactionalMessageCheckService - End to check prepare message, consumed time:0
2025-03-05 15:39:20 INFO TransactionalMessageCheckService - Begin to check prepare message, begin time:1741160360315
2025-03-05 15:39:20 INFO TransactionalMessageCheckService - Before check, the queue=MessageQueue [topic=RMQ_SYS_TRANS_HALF_TOPIC, brokerName=broker-a, queueId=0] msgOffset=0 opOffset=0
2025-03-05 15:39:20 WARN TransactionalMessageCheckService - No new message. GetMessageStatus=NO_MESSAGE_IN_QUEUE, topic=RMQ_SYS_TRANS_OP_HALF_TOPIC, groupId=CID_RMQ_SYS_TRANS, requestOffset=0
2025-03-05 15:39:20 WARN TransactionalMessageCheckService - The miss op offset=0 in queue=MessageQueue [topic=RMQ_SYS_TRANS_OP_HALF_TOPIC, brokerName=broker-a, queueId=0] is NO_NEW_MSG, pullResult=PullResult [pullStatus=NO_NEW_MSG, nextBeginOffset=0, minOffset=0, maxOffset=0, msgFoundList=0]
2025-03-05 15:39:20 WARN TransactionalMessageCheckService - No new message. GetMessageStatus=NO_MESSAGE_IN_QUEUE, topic=RMQ_SYS_TRANS_HALF_TOPIC, groupId=CID_RMQ_SYS_TRANS, requestOffset=0
2025-03-05 15:39:20 INFO TransactionalMessageCheckService - End to check prepare message, consumed time:0
2025-03-05 15:40:18 INFO TransactionalMessageCheckService - Begin to check prepare message, begin time:1741160418807
2025-03-05 15:40:18 INFO TransactionalMessageCheckService - Before check, the queue=MessageQueue [topic=RMQ_SYS_TRANS_HALF_TOPIC, brokerName=broker-a, queueId=0] msgOffset=0 opOffset=0
2025-03-05 15:40:18 WARN TransactionalMessageCheckService - No new message. GetMessageStatus=NO_MESSAGE_IN_QUEUE, topic=RMQ_SYS_TRANS_OP_HALF_TOPIC, groupId=CID_RMQ_SYS_TRANS, requestOffset=0
2025-03-05 15:40:18 WARN TransactionalMessageCheckService - The miss op offset=0 in queue=MessageQueue [topic=RMQ_SYS_TRANS_OP_HALF_TOPIC, brokerName=broker-a, queueId=0] is NO_NEW_MSG, pullResult=PullResult [pullStatus=NO_NEW_MSG, nextBeginOffset=0, minOffset=0, maxOffset=0, msgFoundList=0]
2025-03-05 15:40:18 WARN TransactionalMessageCheckService - No new message. GetMessageStatus=NO_MESSAGE_IN_QUEUE, topic=RMQ_SYS_TRANS_HALF_TOPIC, groupId=CID_RMQ_SYS_TRANS, requestOffset=0
2025-03-05 15:40:18 INFO TransactionalMessageCheckService - End to check prepare message, consumed time:6
2025-03-05 15:41:17 INFO TransactionalMessageCheckService - Begin to check prepare message, begin time:1741160477249
2025-03-05 15:41:17 INFO TransactionalMessageCheckService - Before check, the queue=MessageQueue [topic=RMQ_SYS_TRANS_HALF_TOPIC, brokerName=broker-a, queueId=0] msgOffset=0 opOffset=0
2025-03-05 15:41:17 WARN TransactionalMessageCheckService - No new message. GetMessageStatus=NO_MESSAGE_IN_QUEUE, topic=RMQ_SYS_TRANS_OP_HALF_TOPIC, groupId=CID_RMQ_SYS_TRANS, requestOffset=0
2025-03-05 15:41:17 WARN TransactionalMessageCheckService - The miss op offset=0 in queue=MessageQueue [topic=RMQ_SYS_TRANS_OP_HALF_TOPIC, brokerName=broker-a, queueId=0] is NO_NEW_MSG, pullResult=PullResult [pullStatus=NO_NEW_MSG, nextBeginOffset=0, minOffset=0, maxOffset=0, msgFoundList=0]
2025-03-05 15:41:17 WARN TransactionalMessageCheckService - No new message. GetMessageStatus=NO_MESSAGE_IN_QUEUE, topic=RMQ_SYS_TRANS_HALF_TOPIC, groupId=CID_RMQ_SYS_TRANS, requestOffset=0
2025-03-05 15:41:17 INFO TransactionalMessageCheckService - End to check prepare message, consumed time:0
2025-03-05 15:42:15 INFO TransactionalMessageCheckService - Begin to check prepare message, begin time:1741160535715
2025-03-05 15:42:15 INFO TransactionalMessageCheckService - Before check, the queue=MessageQueue [topic=RMQ_SYS_TRANS_HALF_TOPIC, brokerName=broker-a, queueId=0] msgOffset=0 opOffset=0
2025-03-05 15:42:15 WARN TransactionalMessageCheckService - No new message. GetMessageStatus=NO_MESSAGE_IN_QUEUE, topic=RMQ_SYS_TRANS_OP_HALF_TOPIC, groupId=CID_RMQ_SYS_TRANS, requestOffset=0
2025-03-05 15:42:15 WARN TransactionalMessageCheckService - The miss op offset=0 in queue=MessageQueue [topic=RMQ_SYS_TRANS_OP_HALF_TOPIC, brokerName=broker-a, queueId=0] is NO_NEW_MSG, pullResult=PullResult [pullStatus=NO_NEW_MSG, nextBeginOffset=0, minOffset=0, maxOffset=0, msgFoundList=0]
2025-03-05 15:42:15 WARN TransactionalMessageCheckService - No new message. GetMessageStatus=NO_MESSAGE_IN_QUEUE, topic=RMQ_SYS_TRANS_HALF_TOPIC, groupId=CID_RMQ_SYS_TRANS, requestOffset=0
2025-03-05 15:42:15 INFO TransactionalMessageCheckService - End to check prepare message, consumed time:0
2025-03-05 15:43:14 INFO TransactionalMessageCheckService - Begin to check prepare message, begin time:1741160594163
2025-03-05 15:43:14 INFO TransactionalMessageCheckService - Before check, the queue=MessageQueue [topic=RMQ_SYS_TRANS_HALF_TOPIC, brokerName=broker-a, queueId=0] msgOffset=0 opOffset=0
2025-03-05 15:43:14 WARN TransactionalMessageCheckService - No new message. GetMessageStatus=NO_MESSAGE_IN_QUEUE, topic=RMQ_SYS_TRANS_OP_HALF_TOPIC, groupId=CID_RMQ_SYS_TRANS, requestOffset=0
2025-03-05 15:43:14 WARN TransactionalMessageCheckService - The miss op offset=0 in queue=MessageQueue [topic=RMQ_SYS_TRANS_OP_HALF_TOPIC, brokerName=broker-a, queueId=0] is NO_NEW_MSG, pullResult=PullResult [pullStatus=NO_NEW_MSG, nextBeginOffset=0, minOffset=0, maxOffset=0, msgFoundList=0]
2025-03-05 15:43:14 WARN TransactionalMessageCheckService - No new message. GetMessageStatus=NO_MESSAGE_IN_QUEUE, topic=RMQ_SYS_TRANS_HALF_TOPIC, groupId=CID_RMQ_SYS_TRANS, requestOffset=0
2025-03-05 15:43:14 INFO TransactionalMessageCheckService - End to check prepare message, consumed time:0
2025-03-05 15:44:12 INFO TransactionalMessageCheckService - Begin to check prepare message, begin time:1741160652591
2025-03-05 15:44:12 INFO TransactionalMessageCheckService - Before check, the queue=MessageQueue [topic=RMQ_SYS_TRANS_HALF_TOPIC, brokerName=broker-a, queueId=0] msgOffset=0 opOffset=0
2025-03-05 15:44:12 WARN TransactionalMessageCheckService - No new message. GetMessageStatus=NO_MESSAGE_IN_QUEUE, topic=RMQ_SYS_TRANS_OP_HALF_TOPIC, groupId=CID_RMQ_SYS_TRANS, requestOffset=0
2025-03-05 15:44:12 WARN TransactionalMessageCheckService - The miss op offset=0 in queue=MessageQueue [topic=RMQ_SYS_TRANS_OP_HALF_TOPIC, brokerName=broker-a, queueId=0] is NO_NEW_MSG, pullResult=PullResult [pullStatus=NO_NEW_MSG, nextBeginOffset=0, minOffset=0, maxOffset=0, msgFoundList=0]
2025-03-05 15:44:12 WARN TransactionalMessageCheckService - No new message. GetMessageStatus=NO_MESSAGE_IN_QUEUE, topic=RMQ_SYS_TRANS_HALF_TOPIC, groupId=CID_RMQ_SYS_TRANS, requestOffset=0
2025-03-05 15:44:12 INFO TransactionalMessageCheckService - End to check prepare message, consumed time:1
2025-03-05 15:45:11 INFO TransactionalMessageCheckService - Begin to check prepare message, begin time:1741160711038
2025-03-05 15:45:11 INFO TransactionalMessageCheckService - Before check, the queue=MessageQueue [topic=RMQ_SYS_TRANS_HALF_TOPIC, brokerName=broker-a, queueId=0] msgOffset=0 opOffset=0
2025-03-05 15:45:11 WARN TransactionalMessageCheckService - No new message. GetMessageStatus=NO_MESSAGE_IN_QUEUE, topic=RMQ_SYS_TRANS_OP_HALF_TOPIC, groupId=CID_RMQ_SYS_TRANS, requestOffset=0
2025-03-05 15:45:11 WARN TransactionalMessageCheckService - The miss op offset=0 in queue=MessageQueue [topic=RMQ_SYS_TRANS_OP_HALF_TOPIC, brokerName=broker-a, queueId=0] is NO_NEW_MSG, pullResult=PullResult [pullStatus=NO_NEW_MSG, nextBeginOffset=0, minOffset=0, maxOffset=0, msgFoundList=0]
2025-03-05 15:45:11 WARN TransactionalMessageCheckService - No new message. GetMessageStatus=NO_MESSAGE_IN_QUEUE, topic=RMQ_SYS_TRANS_HALF_TOPIC, groupId=CID_RMQ_SYS_TRANS, requestOffset=0
2025-03-05 15:45:11 INFO TransactionalMessageCheckService - End to check prepare message, consumed time:1
2025-03-05 15:46:09 INFO TransactionalMessageCheckService - Begin to check prepare message, begin time:1741160769494
2025-03-05 15:46:09 INFO TransactionalMessageCheckService - Before check, the queue=MessageQueue [topic=RMQ_SYS_TRANS_HALF_TOPIC, brokerName=broker-a, queueId=0] msgOffset=0 opOffset=0
2025-03-05 15:46:09 WARN TransactionalMessageCheckService - No new message. GetMessageStatus=NO_MESSAGE_IN_QUEUE, topic=RMQ_SYS_TRANS_OP_HALF_TOPIC, groupId=CID_RMQ_SYS_TRANS, requestOffset=0
2025-03-05 15:46:09 WARN TransactionalMessageCheckService - The miss op offset=0 in queue=MessageQueue [topic=RMQ_SYS_TRANS_OP_HALF_TOPIC, brokerName=broker-a, queueId=0] is NO_NEW_MSG, pullResult=PullResult [pullStatus=NO_NEW_MSG, nextBeginOffset=0, minOffset=0, maxOffset=0, msgFoundList=0]
2025-03-05 15:46:09 WARN TransactionalMessageCheckService - No new message. GetMessageStatus=NO_MESSAGE_IN_QUEUE, topic=RMQ_SYS_TRANS_HALF_TOPIC, groupId=CID_RMQ_SYS_TRANS, requestOffset=0
2025-03-05 15:46:09 INFO TransactionalMessageCheckService - End to check prepare message, consumed time:1
2025-03-05 15:47:07 INFO TransactionalMessageCheckService - Begin to check prepare message, begin time:1741160827952
2025-03-05 15:47:07 INFO TransactionalMessageCheckService - Before check, the queue=MessageQueue [topic=RMQ_SYS_TRANS_HALF_TOPIC, brokerName=broker-a, queueId=0] msgOffset=0 opOffset=0
2025-03-05 15:47:07 WARN TransactionalMessageCheckService - No new message. GetMessageStatus=NO_MESSAGE_IN_QUEUE, topic=RMQ_SYS_TRANS_OP_HALF_TOPIC, groupId=CID_RMQ_SYS_TRANS, requestOffset=0
2025-03-05 15:47:07 WARN TransactionalMessageCheckService - The miss op offset=0 in queue=MessageQueue [topic=RMQ_SYS_TRANS_OP_HALF_TOPIC, brokerName=broker-a, queueId=0] is NO_NEW_MSG, pullResult=PullResult [pullStatus=NO_NEW_MSG, nextBeginOffset=0, minOffset=0, maxOffset=0, msgFoundList=0]
2025-03-05 15:47:07 WARN TransactionalMessageCheckService - No new message. GetMessageStatus=NO_MESSAGE_IN_QUEUE, topic=RMQ_SYS_TRANS_HALF_TOPIC, groupId=CID_RMQ_SYS_TRANS, requestOffset=0
2025-03-05 15:47:07 INFO TransactionalMessageCheckService - End to check prepare message, consumed time:1
2025-03-05 15:48:06 INFO TransactionalMessageCheckService - Begin to check prepare message, begin time:1741160886351
2025-03-05 15:48:06 INFO TransactionalMessageCheckService - Before check, the queue=MessageQueue [topic=RMQ_SYS_TRANS_HALF_TOPIC, brokerName=broker-a, queueId=0] msgOffset=0 opOffset=0
2025-03-05 15:48:06 WARN TransactionalMessageCheckService - No new message. GetMessageStatus=NO_MESSAGE_IN_QUEUE, topic=RMQ_SYS_TRANS_OP_HALF_TOPIC, groupId=CID_RMQ_SYS_TRANS, requestOffset=0
2025-03-05 15:48:06 WARN TransactionalMessageCheckService - The miss op offset=0 in queue=MessageQueue [topic=RMQ_SYS_TRANS_OP_HALF_TOPIC, brokerName=broker-a, queueId=0] is NO_NEW_MSG, pullResult=PullResult [pullStatus=NO_NEW_MSG, nextBeginOffset=0, minOffset=0, maxOffset=0, msgFoundList=0]
2025-03-05 15:48:06 WARN TransactionalMessageCheckService - No new message. GetMessageStatus=NO_MESSAGE_IN_QUEUE, topic=RMQ_SYS_TRANS_HALF_TOPIC, groupId=CID_RMQ_SYS_TRANS, requestOffset=0
2025-03-05 15:48:06 INFO TransactionalMessageCheckService - End to check prepare message, consumed time:1
2025-03-05 15:49:04 INFO TransactionalMessageCheckService - Begin to check prepare message, begin time:1741160944794
2025-03-05 15:49:04 INFO TransactionalMessageCheckService - Before check, the queue=MessageQueue [topic=RMQ_SYS_TRANS_HALF_TOPIC, brokerName=broker-a, queueId=0] msgOffset=0 opOffset=0
2025-03-05 15:49:04 WARN TransactionalMessageCheckService - No new message. GetMessageStatus=NO_MESSAGE_IN_QUEUE, topic=RMQ_SYS_TRANS_OP_HALF_TOPIC, groupId=CID_RMQ_SYS_TRANS, requestOffset=0
2025-03-05 15:49:04 WARN TransactionalMessageCheckService - The miss op offset=0 in queue=MessageQueue [topic=RMQ_SYS_TRANS_OP_HALF_TOPIC, brokerName=broker-a, queueId=0] is NO_NEW_MSG, pullResult=PullResult [pullStatus=NO_NEW_MSG, nextBeginOffset=0, minOffset=0, maxOffset=0, msgFoundList=0]
2025-03-05 15:49:04 WARN TransactionalMessageCheckService - No new message. GetMessageStatus=NO_MESSAGE_IN_QUEUE, topic=RMQ_SYS_TRANS_HALF_TOPIC, groupId=CID_RMQ_SYS_TRANS, requestOffset=0
2025-03-05 15:49:04 INFO TransactionalMessageCheckService - End to check prepare message, consumed time:1
2025-03-05 15:50:03 INFO TransactionalMessageCheckService - Begin to check prepare message, begin time:1741161003215
2025-03-05 15:50:03 INFO TransactionalMessageCheckService - Before check, the queue=MessageQueue [topic=RMQ_SYS_TRANS_HALF_TOPIC, brokerName=broker-a, queueId=0] msgOffset=0 opOffset=0
2025-03-05 15:50:03 WARN TransactionalMessageCheckService - No new message. GetMessageStatus=NO_MESSAGE_IN_QUEUE, topic=RMQ_SYS_TRANS_OP_HALF_TOPIC, groupId=CID_RMQ_SYS_TRANS, requestOffset=0
2025-03-05 15:50:03 WARN TransactionalMessageCheckService - The miss op offset=0 in queue=MessageQueue [topic=RMQ_SYS_TRANS_OP_HALF_TOPIC, brokerName=broker-a, queueId=0] is NO_NEW_MSG, pullResult=PullResult [pullStatus=NO_NEW_MSG, nextBeginOffset=0, minOffset=0, maxOffset=0, msgFoundList=0]
2025-03-05 15:50:03 WARN TransactionalMessageCheckService - No new message. GetMessageStatus=NO_MESSAGE_IN_QUEUE, topic=RMQ_SYS_TRANS_HALF_TOPIC, groupId=CID_RMQ_SYS_TRANS, requestOffset=0
2025-03-05 15:50:03 INFO TransactionalMessageCheckService - End to check prepare message, consumed time:0
2025-03-05 15:51:01 INFO TransactionalMessageCheckService - Begin to check prepare message, begin time:1741161061649
2025-03-05 15:51:01 INFO TransactionalMessageCheckService - Before check, the queue=MessageQueue [topic=RMQ_SYS_TRANS_HALF_TOPIC, brokerName=broker-a, queueId=0] msgOffset=0 opOffset=0
2025-03-05 15:51:01 WARN TransactionalMessageCheckService - No new message. GetMessageStatus=NO_MESSAGE_IN_QUEUE, topic=RMQ_SYS_TRANS_OP_HALF_TOPIC, groupId=CID_RMQ_SYS_TRANS, requestOffset=0
2025-03-05 15:51:01 WARN TransactionalMessageCheckService - The miss op offset=0 in queue=MessageQueue [topic=RMQ_SYS_TRANS_OP_HALF_TOPIC, brokerName=broker-a, queueId=0] is NO_NEW_MSG, pullResult=PullResult [pullStatus=NO_NEW_MSG, nextBeginOffset=0, minOffset=0, maxOffset=0, msgFoundList=0]
2025-03-05 15:51:01 WARN TransactionalMessageCheckService - No new message. GetMessageStatus=NO_MESSAGE_IN_QUEUE, topic=RMQ_SYS_TRANS_HALF_TOPIC, groupId=CID_RMQ_SYS_TRANS, requestOffset=0
2025-03-05 15:51:01 INFO TransactionalMessageCheckService - End to check prepare message, consumed time:1
2025-03-05 15:52:00 INFO TransactionalMessageCheckService - Begin to check prepare message, begin time:1741161120091
2025-03-05 15:52:00 INFO TransactionalMessageCheckService - Before check, the queue=MessageQueue [topic=RMQ_SYS_TRANS_HALF_TOPIC, brokerName=broker-a, queueId=0] msgOffset=0 opOffset=0
2025-03-05 15:52:00 WARN TransactionalMessageCheckService - No new message. GetMessageStatus=NO_MESSAGE_IN_QUEUE, topic=RMQ_SYS_TRANS_OP_HALF_TOPIC, groupId=CID_RMQ_SYS_TRANS, requestOffset=0
2025-03-05 15:52:00 WARN TransactionalMessageCheckService - The miss op offset=0 in queue=MessageQueue [topic=RMQ_SYS_TRANS_OP_HALF_TOPIC, brokerName=broker-a, queueId=0] is NO_NEW_MSG, pullResult=PullResult [pullStatus=NO_NEW_MSG, nextBeginOffset=0, minOffset=0, maxOffset=0, msgFoundList=0]
2025-03-05 15:52:00 WARN TransactionalMessageCheckService - No new message. GetMessageStatus=NO_MESSAGE_IN_QUEUE, topic=RMQ_SYS_TRANS_HALF_TOPIC, groupId=CID_RMQ_SYS_TRANS, requestOffset=0
2025-03-05 15:52:00 INFO TransactionalMessageCheckService - End to check prepare message, consumed time:0
2025-03-05 15:52:58 INFO TransactionalMessageCheckService - Begin to check prepare message, begin time:1741161178513
2025-03-05 15:52:58 INFO TransactionalMessageCheckService - Before check, the queue=MessageQueue [topic=RMQ_SYS_TRANS_HALF_TOPIC, brokerName=broker-a, queueId=0] msgOffset=0 opOffset=0
2025-03-05 15:52:58 WARN TransactionalMessageCheckService - No new message. GetMessageStatus=NO_MESSAGE_IN_QUEUE, topic=RMQ_SYS_TRANS_OP_HALF_TOPIC, groupId=CID_RMQ_SYS_TRANS, requestOffset=0
2025-03-05 15:52:58 WARN TransactionalMessageCheckService - The miss op offset=0 in queue=MessageQueue [topic=RMQ_SYS_TRANS_OP_HALF_TOPIC, brokerName=broker-a, queueId=0] is NO_NEW_MSG, pullResult=PullResult [pullStatus=NO_NEW_MSG, nextBeginOffset=0, minOffset=0, maxOffset=0, msgFoundList=0]
2025-03-05 15:52:58 WARN TransactionalMessageCheckService - No new message. GetMessageStatus=NO_MESSAGE_IN_QUEUE, topic=RMQ_SYS_TRANS_HALF_TOPIC, groupId=CID_RMQ_SYS_TRANS, requestOffset=0
2025-03-05 15:52:58 INFO TransactionalMessageCheckService - End to check prepare message, consumed time:0
2025-03-05 15:53:56 INFO TransactionalMessageCheckService - Begin to check prepare message, begin time:1741161236907
2025-03-05 15:53:56 INFO TransactionalMessageCheckService - Before check, the queue=MessageQueue [topic=RMQ_SYS_TRANS_HALF_TOPIC, brokerName=broker-a, queueId=0] msgOffset=0 opOffset=0
2025-03-05 15:53:56 WARN TransactionalMessageCheckService - No new message. GetMessageStatus=NO_MESSAGE_IN_QUEUE, topic=RMQ_SYS_TRANS_OP_HALF_TOPIC, groupId=CID_RMQ_SYS_TRANS, requestOffset=0
2025-03-05 15:53:56 WARN TransactionalMessageCheckService - The miss op offset=0 in queue=MessageQueue [topic=RMQ_SYS_TRANS_OP_HALF_TOPIC, brokerName=broker-a, queueId=0] is NO_NEW_MSG, pullResult=PullResult [pullStatus=NO_NEW_MSG, nextBeginOffset=0, minOffset=0, maxOffset=0, msgFoundList=0]
2025-03-05 15:53:56 WARN TransactionalMessageCheckService - No new message. GetMessageStatus=NO_MESSAGE_IN_QUEUE, topic=RMQ_SYS_TRANS_HALF_TOPIC, groupId=CID_RMQ_SYS_TRANS, requestOffset=0
2025-03-05 15:53:56 INFO TransactionalMessageCheckService - End to check prepare message, consumed time:0
2025-03-05 15:54:55 INFO TransactionalMessageCheckService - Begin to check prepare message, begin time:1741161295364
2025-03-05 15:54:55 INFO TransactionalMessageCheckService - Before check, the queue=MessageQueue [topic=RMQ_SYS_TRANS_HALF_TOPIC, brokerName=broker-a, queueId=0] msgOffset=0 opOffset=0
2025-03-05 15:54:55 WARN TransactionalMessageCheckService - No new message. GetMessageStatus=NO_MESSAGE_IN_QUEUE, topic=RMQ_SYS_TRANS_OP_HALF_TOPIC, groupId=CID_RMQ_SYS_TRANS, requestOffset=0
2025-03-05 15:54:55 WARN TransactionalMessageCheckService - The miss op offset=0 in queue=MessageQueue [topic=RMQ_SYS_TRANS_OP_HALF_TOPIC, brokerName=broker-a, queueId=0] is NO_NEW_MSG, pullResult=PullResult [pullStatus=NO_NEW_MSG, nextBeginOffset=0, minOffset=0, maxOffset=0, msgFoundList=0]
2025-03-05 15:54:55 WARN TransactionalMessageCheckService - No new message. GetMessageStatus=NO_MESSAGE_IN_QUEUE, topic=RMQ_SYS_TRANS_HALF_TOPIC, groupId=CID_RMQ_SYS_TRANS, requestOffset=0
2025-03-05 15:54:55 INFO TransactionalMessageCheckService - End to check prepare message, consumed time:1
2025-03-05 15:55:53 INFO TransactionalMessageCheckService - Begin to check prepare message, begin time:1741161353798
2025-03-05 15:55:53 INFO TransactionalMessageCheckService - Before check, the queue=MessageQueue [topic=RMQ_SYS_TRANS_HALF_TOPIC, brokerName=broker-a, queueId=0] msgOffset=0 opOffset=0
2025-03-05 15:55:53 WARN TransactionalMessageCheckService - No new message. GetMessageStatus=NO_MESSAGE_IN_QUEUE, topic=RMQ_SYS_TRANS_OP_HALF_TOPIC, groupId=CID_RMQ_SYS_TRANS, requestOffset=0
2025-03-05 15:55:53 WARN TransactionalMessageCheckService - The miss op offset=0 in queue=MessageQueue [topic=RMQ_SYS_TRANS_OP_HALF_TOPIC, brokerName=broker-a, queueId=0] is NO_NEW_MSG, pullResult=PullResult [pullStatus=NO_NEW_MSG, nextBeginOffset=0, minOffset=0, maxOffset=0, msgFoundList=0]
2025-03-05 15:55:53 WARN TransactionalMessageCheckService - No new message. GetMessageStatus=NO_MESSAGE_IN_QUEUE, topic=RMQ_SYS_TRANS_HALF_TOPIC, groupId=CID_RMQ_SYS_TRANS, requestOffset=0
2025-03-05 15:55:53 INFO TransactionalMessageCheckService - End to check prepare message, consumed time:0
2025-03-05 15:56:52 INFO TransactionalMessageCheckService - Begin to check prepare message, begin time:1741161412218
2025-03-05 15:56:52 INFO TransactionalMessageCheckService - Before check, the queue=MessageQueue [topic=RMQ_SYS_TRANS_HALF_TOPIC, brokerName=broker-a, queueId=0] msgOffset=0 opOffset=0
2025-03-05 15:56:52 WARN TransactionalMessageCheckService - No new message. GetMessageStatus=NO_MESSAGE_IN_QUEUE, topic=RMQ_SYS_TRANS_OP_HALF_TOPIC, groupId=CID_RMQ_SYS_TRANS, requestOffset=0
2025-03-05 15:56:52 WARN TransactionalMessageCheckService - The miss op offset=0 in queue=MessageQueue [topic=RMQ_SYS_TRANS_OP_HALF_TOPIC, brokerName=broker-a, queueId=0] is NO_NEW_MSG, pullResult=PullResult [pullStatus=NO_NEW_MSG, nextBeginOffset=0, minOffset=0, maxOffset=0, msgFoundList=0]
2025-03-05 15:56:52 WARN TransactionalMessageCheckService - No new message. GetMessageStatus=NO_MESSAGE_IN_QUEUE, topic=RMQ_SYS_TRANS_HALF_TOPIC, groupId=CID_RMQ_SYS_TRANS, requestOffset=0
2025-03-05 15:56:52 INFO TransactionalMessageCheckService - End to check prepare message, consumed time:1
2025-03-05 15:57:50 INFO TransactionalMessageCheckService - Begin to check prepare message, begin time:1741161470630
2025-03-05 15:57:50 INFO TransactionalMessageCheckService - Before check, the queue=MessageQueue [topic=RMQ_SYS_TRANS_HALF_TOPIC, brokerName=broker-a, queueId=0] msgOffset=0 opOffset=0
2025-03-05 15:57:50 WARN TransactionalMessageCheckService - No new message. GetMessageStatus=NO_MESSAGE_IN_QUEUE, topic=RMQ_SYS_TRANS_OP_HALF_TOPIC, groupId=CID_RMQ_SYS_TRANS, requestOffset=0
2025-03-05 15:57:50 WARN TransactionalMessageCheckService - The miss op offset=0 in queue=MessageQueue [topic=RMQ_SYS_TRANS_OP_HALF_TOPIC, brokerName=broker-a, queueId=0] is NO_NEW_MSG, pullResult=PullResult [pullStatus=NO_NEW_MSG, nextBeginOffset=0, minOffset=0, maxOffset=0, msgFoundList=0]
2025-03-05 15:57:50 WARN TransactionalMessageCheckService - No new message. GetMessageStatus=NO_MESSAGE_IN_QUEUE, topic=RMQ_SYS_TRANS_HALF_TOPIC, groupId=CID_RMQ_SYS_TRANS, requestOffset=0
2025-03-05 15:57:50 INFO TransactionalMessageCheckService - End to check prepare message, consumed time:1
2025-03-05 15:58:49 INFO TransactionalMessageCheckService - Begin to check prepare message, begin time:1741161529056
2025-03-05 15:58:49 INFO TransactionalMessageCheckService - Before check, the queue=MessageQueue [topic=RMQ_SYS_TRANS_HALF_TOPIC, brokerName=broker-a, queueId=0] msgOffset=0 opOffset=0
2025-03-05 15:58:49 WARN TransactionalMessageCheckService - No new message. GetMessageStatus=NO_MESSAGE_IN_QUEUE, topic=RMQ_SYS_TRANS_OP_HALF_TOPIC, groupId=CID_RMQ_SYS_TRANS, requestOffset=0
2025-03-05 15:58:49 WARN TransactionalMessageCheckService - The miss op offset=0 in queue=MessageQueue [topic=RMQ_SYS_TRANS_OP_HALF_TOPIC, brokerName=broker-a, queueId=0] is NO_NEW_MSG, pullResult=PullResult [pullStatus=NO_NEW_MSG, nextBeginOffset=0, minOffset=0, maxOffset=0, msgFoundList=0]
2025-03-05 15:58:49 WARN TransactionalMessageCheckService - No new message. GetMessageStatus=NO_MESSAGE_IN_QUEUE, topic=RMQ_SYS_TRANS_HALF_TOPIC, groupId=CID_RMQ_SYS_TRANS, requestOffset=0
2025-03-05 15:58:49 INFO TransactionalMessageCheckService - End to check prepare message, consumed time:0
2025-03-05 15:59:47 INFO TransactionalMessageCheckService - Begin to check prepare message, begin time:1741161587483
2025-03-05 15:59:47 INFO TransactionalMessageCheckService - Before check, the queue=MessageQueue [topic=RMQ_SYS_TRANS_HALF_TOPIC, brokerName=broker-a, queueId=0] msgOffset=0 opOffset=0
2025-03-05 15:59:47 WARN TransactionalMessageCheckService - No new message. GetMessageStatus=NO_MESSAGE_IN_QUEUE, topic=RMQ_SYS_TRANS_OP_HALF_TOPIC, groupId=CID_RMQ_SYS_TRANS, requestOffset=0
2025-03-05 15:59:47 WARN TransactionalMessageCheckService - The miss op offset=0 in queue=MessageQueue [topic=RMQ_SYS_TRANS_OP_HALF_TOPIC, brokerName=broker-a, queueId=0] is NO_NEW_MSG, pullResult=PullResult [pullStatus=NO_NEW_MSG, nextBeginOffset=0, minOffset=0, maxOffset=0, msgFoundList=0]
2025-03-05 15:59:47 WARN TransactionalMessageCheckService - No new message. GetMessageStatus=NO_MESSAGE_IN_QUEUE, topic=RMQ_SYS_TRANS_HALF_TOPIC, groupId=CID_RMQ_SYS_TRANS, requestOffset=0
2025-03-05 15:59:47 INFO TransactionalMessageCheckService - End to check prepare message, consumed time:1
2025-03-05 16:00:45 INFO TransactionalMessageCheckService - Begin to check prepare message, begin time:1741161645918
2025-03-05 16:00:45 INFO TransactionalMessageCheckService - Before check, the queue=MessageQueue [topic=RMQ_SYS_TRANS_HALF_TOPIC, brokerName=broker-a, queueId=0] msgOffset=0 opOffset=0
2025-03-05 16:00:45 WARN TransactionalMessageCheckService - No new message. GetMessageStatus=NO_MESSAGE_IN_QUEUE, topic=RMQ_SYS_TRANS_OP_HALF_TOPIC, groupId=CID_RMQ_SYS_TRANS, requestOffset=0
2025-03-05 16:00:45 WARN TransactionalMessageCheckService - The miss op offset=0 in queue=MessageQueue [topic=RMQ_SYS_TRANS_OP_HALF_TOPIC, brokerName=broker-a, queueId=0] is NO_NEW_MSG, pullResult=PullResult [pullStatus=NO_NEW_MSG, nextBeginOffset=0, minOffset=0, maxOffset=0, msgFoundList=0]
2025-03-05 16:00:45 WARN TransactionalMessageCheckService - No new message. GetMessageStatus=NO_MESSAGE_IN_QUEUE, topic=RMQ_SYS_TRANS_HALF_TOPIC, groupId=CID_RMQ_SYS_TRANS, requestOffset=0
2025-03-05 16:00:45 INFO TransactionalMessageCheckService - End to check prepare message, consumed time:0
2025-03-05 16:01:44 INFO TransactionalMessageCheckService - Begin to check prepare message, begin time:1741161704354
2025-03-05 16:01:44 INFO TransactionalMessageCheckService - Before check, the queue=MessageQueue [topic=RMQ_SYS_TRANS_HALF_TOPIC, brokerName=broker-a, queueId=0] msgOffset=0 opOffset=0
2025-03-05 16:01:44 WARN TransactionalMessageCheckService - No new message. GetMessageStatus=NO_MESSAGE_IN_QUEUE, topic=RMQ_SYS_TRANS_OP_HALF_TOPIC, groupId=CID_RMQ_SYS_TRANS, requestOffset=0
2025-03-05 16:01:44 WARN TransactionalMessageCheckService - The miss op offset=0 in queue=MessageQueue [topic=RMQ_SYS_TRANS_OP_HALF_TOPIC, brokerName=broker-a, queueId=0] is NO_NEW_MSG, pullResult=PullResult [pullStatus=NO_NEW_MSG, nextBeginOffset=0, minOffset=0, maxOffset=0, msgFoundList=0]
2025-03-05 16:01:44 WARN TransactionalMessageCheckService - No new message. GetMessageStatus=NO_MESSAGE_IN_QUEUE, topic=RMQ_SYS_TRANS_HALF_TOPIC, groupId=CID_RMQ_SYS_TRANS, requestOffset=0
2025-03-05 16:01:44 INFO TransactionalMessageCheckService - End to check prepare message, consumed time:0
